number,value,datetime_start,datetime_complete,duration,params_colsample_bytree,params_learning_rate,params_max_depth,params_min_child_samples,params_min_child_weight,params_n_estimators,params_num_leaves,params_reg_alpha,params_reg_lambda,params_subsample,state
0,4.400603533233321,2026-06-22 08:17:11.246704,2026-06-22 08:17:11.278709,0 days 00:00:00.032005,0.8540362888980227,0.08927180304353628,5,9,0.003775887545682684,100,18,3.200866785899844e-08,0.3426417745118369,0.8005575058716043,COMPLETE
1,4.409109499235421,2026-06-22 08:17:11.279718,2026-06-22 08:17:11.297088,0 days 00:00:00.017370,0.645614570099021,0.09330606024425668,6,9,0.004768785415482609,50,10,4.4319427891510175e-06,0.0003671474011048667,0.7159725093210578,COMPLETE
2,4.764937902804929,2026-06-22 08:17:11.298344,2026-06-22 08:17:11.322847,0 days 00:00:00.024503,0.5232252063599989,0.013787764619353767,4,16,0.8023102291340046,150,13,5.457028747569545e-07,0.0002973787659849158,0.7962072844310213,COMPLETE
3,5.056780545646596,2026-06-22 08:17:11.324821,2026-06-22 08:17:11.344983,0 days 00:00:00.020162,0.7200762468698007,0.014808945119975192,3,30,0.9777718780862645,150,30,4.465047064005509e-06,7.073702489270826e-08,0.8421165132560784,COMPLETE
4,4.701145925026449,2026-06-22 08:17:11.347425,2026-06-22 08:17:11.365987,0 days 00:00:00.018562,0.5924272277627636,0.03127353036780371,3,11,0.282260467839396,50,28,5.147131939488118e-06,0.0003342382251192237,0.7733551396716398,COMPLETE
5,4.5018394455713775,2026-06-22 08:17:11.366690,2026-06-22 08:17:11.391387,0 days 00:00:00.024697,0.6626651653816322,0.05958443469672518,6,20,2.570307853015558,200,28,5.885639002026109e-08,5.068145116254201e-07,0.522613644455269,COMPLETE
6,4.525621698085456,2026-06-22 08:17:11.393251,2026-06-22 08:17:11.419031,0 days 00:00:00.025780,0.9934434683002586,0.01867880257107068,6,12,0.10172238474449048,100,13,1.682269634871374e-07,0.0951234237106025,0.5372753218398854,COMPLETE
7,4.811337208459988,2026-06-22 08:17:11.420345,2026-06-22 08:17:11.443389,0 days 00:00:00.023044,0.5579345297625649,0.01580213186410389,3,23,0.4972509797814939,175,25,0.05119854405941497,4.406687000612437e-08,0.6792328642721364,COMPLETE
8,4.468822173353523,2026-06-22 08:17:11.445258,2026-06-22 08:17:11.477362,0 days 00:00:00.032104,0.7361074625809747,0.042004723167022,4,13,0.015953036325173326,200,8,0.022224001634839095,0.0035163599046376553,0.9436063712881633,COMPLETE
9,4.9692844576637265,2026-06-22 08:17:11.479412,2026-06-22 08:17:11.494059,0 days 00:00:00.014647,0.5539457134966522,0.05167075260023277,6,25,0.06707104906311694,50,17,0.0003525633816265316,5.238012063789952e-05,0.5127095633720475,COMPLETE
10,4.303579374561754,2026-06-22 08:17:11.494782,2026-06-22 08:17:11.561240,0 days 00:00:00.066458,0.7968215582109957,0.046887232871732874,5,7,0.004946044366529283,150,26,1.042389520276323e-05,0.01886061276193011,0.8039732358672896,COMPLETE
11,4.377922837811153,2026-06-22 08:17:11.563154,2026-06-22 08:17:11.616078,0 days 00:00:00.052924,0.7948457755676599,0.04272471600044924,5,10,0.03695666878345146,100,24,1.8908161561625729e-06,1.9098877065337214,0.8617645533589852,COMPLETE
12,4.363947503819487,2026-06-22 08:17:11.617997,2026-06-22 08:17:11.683565,0 days 00:00:00.065568,0.7577070622171391,0.024442287715147205,6,7,0.014624833692620848,150,27,3.3433774727891586e-06,0.837040388775666,0.7167720702071106,COMPLETE
13,4.323577945921617,2026-06-22 08:17:11.685694,2026-06-22 08:17:11.765618,0 days 00:00:00.079924,0.7261371393825207,0.03194449666687832,6,7,0.012424947100775009,200,25,6.799745839208363e-06,0.07294198899540082,0.59018323374205,COMPLETE
14,4.48992699058409,2026-06-22 08:17:11.766365,2026-06-22 08:17:11.824379,0 days 00:00:00.058014,0.7025717316132783,0.03141226359278073,5,15,0.001415959014874787,175,32,1.8744245450124988e-06,1.5500537017586003e-05,0.6302898140147358,COMPLETE
15,4.356555303148302,2026-06-22 08:17:11.825634,2026-06-22 08:17:11.893187,0 days 00:00:00.067553,0.9350836619456471,0.053940633301814964,5,10,0.02216551928834358,175,21,0.000940193245526506,0.30551915896588444,0.5681210464915051,COMPLETE
16,4.467149554894198,2026-06-22 08:17:11.895727,2026-06-22 08:17:11.947520,0 days 00:00:00.051793,0.8384259114138047,0.07084944145801407,6,14,0.007678932874763452,100,29,0.006339407496254312,2.0922826286560065e-05,0.8717870601607067,COMPLETE
17,4.467319454676298,2026-06-22 08:17:11.948278,2026-06-22 08:17:12.009435,0 days 00:00:00.061157,0.6494217676883368,0.059272599788796974,6,14,0.01563561517709341,200,23,9.206458635873542e-05,0.3295637614578045,0.6813471854018194,COMPLETE
18,4.441181743766425,2026-06-22 08:17:12.011301,2026-06-22 08:17:12.095797,0 days 00:00:00.084496,0.6864140230294952,0.014674114968851971,6,6,2.47914599102841,200,19,1.3009312466863743e-07,0.00874501843534737,0.6240232670641094,COMPLETE
19,4.484553592248637,2026-06-22 08:17:12.097905,2026-06-22 08:17:12.154500,0 days 00:00:00.056595,0.6720391364345528,0.040586092268228284,5,14,0.0011081647766838108,150,21,7.928672153319725e-07,0.00036604941064558683,0.9714678591116976,COMPLETE
20,4.318646548332801,2026-06-22 08:17:12.155263,2026-06-22 08:17:12.230107,0 days 00:00:00.074844,0.6930322832472566,0.022656149265063742,6,8,0.004124366025044622,200,15,5.904624737763286e-07,0.016185026659931767,0.5113089157031081,COMPLETE
21,4.235606801395802,2026-06-22 08:17:12.231951,2026-06-22 08:17:12.309059,0 days 00:00:00.077108,0.7831219270192467,0.0342810420467172,6,8,0.015527881216905652,200,13,6.675224050897957e-07,0.09564693879328558,0.5705758932904429,COMPLETE
22,4.511190964401855,2026-06-22 08:17:12.311924,2026-06-22 08:17:12.376501,0 days 00:00:00.064577,0.7402681313013633,0.016919858848664725,6,15,0.0013608022993240293,200,10,8.308519755146226e-06,0.002023543517257253,0.5938415409829396,COMPLETE
23,4.335367994381512,2026-06-22 08:17:12.377223,2026-06-22 08:17:12.454006,0 days 00:00:00.076783,0.8308636679983302,0.04006245359310063,6,6,0.03632527881566561,175,9,0.00017126757662526236,0.7444848437726147,0.6223752669714424,COMPLETE
24,4.494104421865534,2026-06-22 08:17:12.457046,2026-06-22 08:17:12.526155,0 days 00:00:00.069109,0.6832546055794297,0.01576225548313626,6,7,0.028825495763107934,200,11,7.150130618171025e-07,3.9359191145087316,0.5223172951859831,COMPLETE
25,4.377406033337273,2026-06-22 08:17:12.526920,2026-06-22 08:17:12.621199,0 days 00:00:00.094279,0.5502340625776694,0.040779803107549764,5,6,0.0012290929485122939,150,13,2.912009570203961e-08,0.037967776078825316,0.50781414480317,COMPLETE
26,4.468735744715201,2026-06-22 08:17:12.625517,2026-06-22 08:17:12.714756,0 days 00:00:00.089239,0.9478419759668404,0.03593726044581879,5,13,0.005842485251380662,150,24,9.166885051611648e-07,0.00018541837684856927,0.7645571650837211,COMPLETE
27,4.455051199610832,2026-06-22 08:17:12.715492,2026-06-22 08:17:12.774439,0 days 00:00:00.058947,0.812918012913181,0.039018464813682235,5,18,0.010539006594246439,200,14,1.5766075394498376e-07,0.02132257524785502,0.536775015958579,COMPLETE
28,4.397704740995686,2026-06-22 08:17:12.777408,2026-06-22 08:17:12.864992,0 days 00:00:00.087584,0.6760441490024016,0.01721188438975204,6,6,0.0022958916453814024,200,18,5.568844746807895e-07,0.00012988273284329744,0.5551674500701429,COMPLETE
29,4.395219960950775,2026-06-22 08:17:12.865746,2026-06-22 08:17:12.932220,0 days 00:00:00.066474,0.808645829851549,0.0685950832509796,5,10,0.014244564398202967,150,26,2.8831910269920108e-05,0.004231969407432122,0.7940481727140984,COMPLETE
