number,value,datetime_start,datetime_complete,duration,params_colsample_bytree,params_learning_rate,params_max_depth,params_min_child_samples,params_min_child_weight,params_n_estimators,params_num_leaves,params_reg_alpha,params_reg_lambda,params_subsample,state
0,2.775112497855917,2026-06-22 08:17:09.603690,2026-06-22 08:17:09.637047,0 days 00:00:00.033357,0.8540362888980227,0.08927180304353628,5,9,0.003775887545682684,100,18,3.200866785899844e-08,0.3426417745118369,0.8005575058716043,COMPLETE
1,3.100003896898426,2026-06-22 08:17:09.638320,2026-06-22 08:17:09.657371,0 days 00:00:00.019051,0.645614570099021,0.09330606024425668,6,9,0.004768785415482609,50,10,4.4319427891510175e-06,0.0003671474011048667,0.7159725093210578,COMPLETE
2,3.345909967922598,2026-06-22 08:17:09.659103,2026-06-22 08:17:09.686930,0 days 00:00:00.027827,0.5232252063599989,0.013787764619353767,4,16,0.8023102291340046,150,13,5.457028747569545e-07,0.0002973787659849158,0.7962072844310213,COMPLETE
3,3.4011642550214707,2026-06-22 08:17:09.688668,2026-06-22 08:17:09.709176,0 days 00:00:00.020508,0.7200762468698007,0.014808945119975192,3,30,0.9777718780862645,150,30,4.465047064005509e-06,7.073702489270826e-08,0.8421165132560784,COMPLETE
4,3.25857165060402,2026-06-22 08:17:09.713118,2026-06-22 08:17:09.729360,0 days 00:00:00.016242,0.5924272277627636,0.03127353036780371,3,11,0.282260467839396,50,28,5.147131939488118e-06,0.0003342382251192237,0.7733551396716398,COMPLETE
5,3.1285465387350304,2026-06-22 08:17:09.730078,2026-06-22 08:17:09.756607,0 days 00:00:00.026529,0.6626651653816322,0.05958443469672518,6,20,2.570307853015558,200,28,5.885639002026109e-08,5.068145116254201e-07,0.522613644455269,COMPLETE
6,3.1100962353022013,2026-06-22 08:17:09.758089,2026-06-22 08:17:09.786933,0 days 00:00:00.028844,0.9934434683002586,0.01867880257107068,6,12,0.10172238474449048,100,13,1.682269634871374e-07,0.0951234237106025,0.5372753218398854,COMPLETE
7,3.320346290808118,2026-06-22 08:17:09.789009,2026-06-22 08:17:09.814783,0 days 00:00:00.025774,0.5579345297625649,0.01580213186410389,3,23,0.4972509797814939,175,25,0.05119854405941497,4.406687000612437e-08,0.6792328642721364,COMPLETE
8,3.0400810377200362,2026-06-22 08:17:09.816495,2026-06-22 08:17:09.858511,0 days 00:00:00.042016,0.7361074625809747,0.042004723167022,4,13,0.015953036325173326,200,8,0.022224001634839095,0.0035163599046376553,0.9436063712881633,COMPLETE
9,3.3630764474146995,2026-06-22 08:17:09.859294,2026-06-22 08:17:09.871485,0 days 00:00:00.012191,0.5539457134966522,0.05167075260023277,6,25,0.06707104906311694,50,17,0.0003525633816265316,5.238012063789952e-05,0.5127095633720475,COMPLETE
10,2.904904284675948,2026-06-22 08:17:09.873176,2026-06-22 08:17:09.943833,0 days 00:00:00.070657,0.7968215582109957,0.046887232871732874,5,7,0.004946044366529283,150,26,1.042389520276323e-05,0.01886061276193011,0.8039732358672896,COMPLETE
11,3.0504413027149533,2026-06-22 08:17:09.945949,2026-06-22 08:17:10.002786,0 days 00:00:00.056837,0.7948457755676599,0.04272471600044924,5,10,0.03695666878345146,100,24,1.8908161561625729e-06,1.9098877065337214,0.8617645533589852,COMPLETE
12,2.9853273142696652,2026-06-22 08:17:10.005012,2026-06-22 08:17:10.076037,0 days 00:00:00.071025,0.7590333530676701,0.05473162434513649,4,6,0.0024484777634254298,150,29,1.109683361145003e-05,1.644583779758929e-06,0.7848038193547959,COMPLETE
13,2.936147876917362,2026-06-22 08:17:10.076811,2026-06-22 08:17:10.161072,0 days 00:00:00.084261,0.8628865628318025,0.028467527640776837,5,7,0.006643311571881403,200,27,0.011856703393373101,0.07208770259141936,0.9257774631210881,COMPLETE
14,2.780554235918176,2026-06-22 08:17:10.163581,2026-06-22 08:17:10.233207,0 days 00:00:00.069626,0.7326105442123265,0.09631919351106076,6,8,0.013198476728313608,125,23,1.7280013176923984e-08,0.00011744113489698365,0.8943953496513368,COMPLETE
15,3.106018903049528,2026-06-22 08:17:10.236088,2026-06-22 08:17:10.288620,0 days 00:00:00.052532,0.8142524017595419,0.0476082476342191,5,6,0.0015254476877146787,50,17,1.1487879331016912e-08,0.26467426008405914,0.7081821295136836,COMPLETE
16,3.042932162755846,2026-06-22 08:17:10.289365,2026-06-22 08:17:10.362024,0 days 00:00:00.072659,0.744841311437442,0.06055561518513147,6,6,0.03192420739376435,125,31,1.3008914700560291e-08,2.0529460334537073e-05,0.9391528988718763,COMPLETE
17,2.7274099113161925,2026-06-22 08:17:10.363912,2026-06-22 08:17:10.425995,0 days 00:00:00.062083,0.9207955234053374,0.09087784767499751,3,12,0.006018972980681276,150,12,1.6011871632861024e-08,0.07348598477004785,0.7229890333684302,COMPLETE
18,3.06416765499876,2026-06-22 08:17:10.429683,2026-06-22 08:17:10.492359,0 days 00:00:00.062676,0.9552807794830943,0.07437639712650292,3,13,0.0018702216224599762,150,8,2.6542737317074083e-06,0.11456937801647155,0.7994108578439247,COMPLETE
19,3.049502926011788,2026-06-22 08:17:10.493103,2026-06-22 08:17:10.560695,0 days 00:00:00.067592,0.8491747044728776,0.06869333224472264,4,14,0.008215918026425054,175,17,7.32324548432633e-07,0.16898776739783522,0.506101631155905,COMPLETE
20,3.238599757219542,2026-06-22 08:17:10.562017,2026-06-22 08:17:10.618698,0 days 00:00:00.056681,0.8649664964498339,0.06437069540587521,5,25,0.0019087526141947763,150,17,2.4363145785386764e-08,0.0021518309330734726,0.7416206460762992,COMPLETE
21,2.7524716961197044,2026-06-22 08:17:10.620428,2026-06-22 08:17:10.697899,0 days 00:00:00.077471,0.7374253865499858,0.09854052144032587,3,10,0.003608769595407505,200,13,1.0512927026218571e-08,0.6201272833820595,0.7620666925591009,COMPLETE
22,2.945837917818447,2026-06-22 08:17:10.698634,2026-06-22 08:17:10.766565,0 days 00:00:00.067931,0.7657045053676573,0.041331249080792484,3,7,0.0035634887172137507,200,13,2.6108220324351215e-08,0.0015011542791330203,0.7915195934727773,COMPLETE
23,3.14576164741843,2026-06-22 08:17:10.768526,2026-06-22 08:17:10.832359,0 days 00:00:00.063833,0.6444675187091206,0.09329249869204209,3,15,0.014007917018482481,150,17,1.2252823094342573e-08,0.1329063499132719,0.777868927045205,COMPLETE
24,2.858520191981009,2026-06-22 08:17:10.833120,2026-06-22 08:17:10.898779,0 days 00:00:00.065659,0.9763318015191579,0.0701451891698056,3,9,0.08803548960710159,175,17,2.952603817480335e-07,0.1011681666272194,0.8668115546283629,COMPLETE
25,2.8548794653567655,2026-06-22 08:17:10.900485,2026-06-22 08:17:10.965614,0 days 00:00:00.065129,0.908015295763255,0.06421016575065425,6,12,0.0026770175213864035,125,12,3.026054732227347e-08,0.23695655451187267,0.8456093449106582,COMPLETE
26,2.785088496769996,2026-06-22 08:17:10.966374,2026-06-22 08:17:11.034315,0 days 00:00:00.067941,0.7786254542482781,0.06432074489767763,3,12,0.0012820652642056031,200,12,1.3000305008520977e-07,0.5260789161428983,0.6641452856823273,COMPLETE
27,3.2439897602763055,2026-06-22 08:17:11.036522,2026-06-22 08:17:11.097392,0 days 00:00:00.060870,0.8136922877404953,0.09257162728531809,3,16,0.016995823237697,125,9,1.8841526180673861e-07,8.884712530227367e-05,0.5722566734352411,COMPLETE
28,3.215718008203175,2026-06-22 08:17:11.098145,2026-06-22 08:17:11.149841,0 days 00:00:00.051696,0.9534656112087804,0.09031686947404402,4,16,0.0020376983690697566,75,16,1.8940445535491545e-06,0.0001765569746366871,0.7574043849249199,COMPLETE
29,3.028086690958161,2026-06-22 08:17:11.151604,2026-06-22 08:17:11.218129,0 days 00:00:00.066525,0.8193807921543735,0.09813378253443651,3,6,0.014701801207557317,150,10,3.524710679739773e-08,0.03575611258834994,0.6703168801564722,COMPLETE
